0 info it worked if it ends with ok
1 verbose cli [ '/usr/bin/node', '/usr/bin/npm', 'install', 'hexo-cli', '-g' ]
2 info using npm@1.4.28
3 info using node@v0.10.37
4 verbose node symlink /usr/bin/node
5 verbose cache add [ 'hexo-cli', null ]
6 verbose cache add name=undefined spec="hexo-cli" args=["hexo-cli",null]
7 verbose parsed url { protocol: null,
7 verbose parsed url   slashes: null,
7 verbose parsed url   auth: null,
7 verbose parsed url   host: null,
7 verbose parsed url   port: null,
7 verbose parsed url   hostname: null,
7 verbose parsed url   hash: null,
7 verbose parsed url   search: null,
7 verbose parsed url   query: null,
7 verbose parsed url   pathname: 'hexo-cli',
7 verbose parsed url   path: 'hexo-cli',
7 verbose parsed url   href: 'hexo-cli' }
8 silly lockFile 48f79efe-hexo-cli hexo-cli
9 verbose lock hexo-cli /home/luoluo/.npm/48f79efe-hexo-cli.lock
10 silly lockFile 48f79efe-hexo-cli hexo-cli 
11 silly lockFile 48f79efe-hexo-cli hexo-cli
12 verbose addNamed [ 'hexo-cli', '' ]
13 verbose addNamed [ null, '*' ]
14 silly lockFile f0acc666-hexo-cli hexo-cli@
15 verbose lock hexo-cli@ /home/luoluo/.npm/f0acc666-hexo-cli.lock
16 silly addNameRange { name: 'hexo-cli', range: '*', hasData: false }
17 verbose request where is /hexo-cli
18 verbose request registry https://registry.npmjs.org/
19 verbose request id 6dd2c291bcff174a
20 verbose url raw /hexo-cli
21 verbose url resolving [ 'https://registry.npmjs.org/', './hexo-cli' ]
22 verbose url resolved https://registry.npmjs.org/hexo-cli
23 verbose request where is https://registry.npmjs.org/hexo-cli
24 info trying registry request attempt 1 at 22:04:24
25 http GET https://registry.npmjs.org/hexo-cli
26 http 200 https://registry.npmjs.org/hexo-cli
27 silly registry.get cb [ 200,
27 silly registry.get   { server: 'CouchDB/1.5.0 (Erlang OTP/R16B03)',
27 silly registry.get     etag: '"2B3XOX6VZZ3O63S6AIQNHCTCE"',
27 silly registry.get     'content-type': 'application/json',
27 silly registry.get     'content-encoding': 'gzip',
27 silly registry.get     'cache-control': 'max-age=300',
27 silly registry.get     'content-length': '3780',
27 silly registry.get     'accept-ranges': 'bytes',
27 silly registry.get     date: 'Fri, 22 Jul 2016 14:04:24 GMT',
27 silly registry.get     via: '1.1 varnish',
27 silly registry.get     age: '162',
27 silly registry.get     connection: 'keep-alive',
27 silly registry.get     'x-served-by': 'cache-itm7427-ITM',
27 silly registry.get     'x-cache': 'HIT',
27 silly registry.get     'x-cache-hits': '1',
27 silly registry.get     'x-timer': 'S1469196264.632728,VS0,VE0',
27 silly registry.get     vary: 'Accept-Encoding' } ]
28 silly addNameRange number 2 { name: 'hexo-cli', range: '*', hasData: true }
29 silly addNameRange versions [ 'hexo-cli',
29 silly addNameRange   [ '0.0.1',
29 silly addNameRange     '0.1.0',
29 silly addNameRange     '0.1.1',
29 silly addNameRange     '0.1.2',
29 silly addNameRange     '0.1.3',
29 silly addNameRange     '0.1.4',
29 silly addNameRange     '0.1.5',
29 silly addNameRange     '0.1.6',
29 silly addNameRange     '0.1.7',
29 silly addNameRange     '0.1.8',
29 silly addNameRange     '0.1.9',
29 silly addNameRange     '0.2.0',
29 silly addNameRange     '0.2.1',
29 silly addNameRange     '1.0.0',
29 silly addNameRange     '1.0.1',
29 silly addNameRange     '1.0.2' ] ]
30 verbose addNamed [ 'hexo-cli', '1.0.2' ]
31 verbose addNamed [ '1.0.2', '1.0.2' ]
32 silly lockFile f3d0df3c-hexo-cli-1-0-2 hexo-cli@1.0.2
33 verbose lock hexo-cli@1.0.2 /home/luoluo/.npm/f3d0df3c-hexo-cli-1-0-2.lock
34 silly lockFile 195dd597--org-hexo-cli-hexo-cli-1-0-2-tgz https://registry.npmjs.org/hexo-cli/-/hexo-cli-1.0.2.tgz
35 verbose lock https://registry.npmjs.org/hexo-cli/-/hexo-cli-1.0.2.tgz /home/luoluo/.npm/195dd597--org-hexo-cli-hexo-cli-1-0-2-tgz.lock
36 verbose addRemoteTarball [ 'https://registry.npmjs.org/hexo-cli/-/hexo-cli-1.0.2.tgz',
36 verbose addRemoteTarball   '8ebcae88cac29254f1e9ac07f8a9f07399a8a1ae' ]
37 info retry fetch attempt 1 at 22:04:24
38 verbose fetch to= /tmp/npm-8073-TrY0CUu0/registry.npmjs.org/hexo-cli/-/hexo-cli-1.0.2.tgz
39 http GET https://registry.npmjs.org/hexo-cli/-/hexo-cli-1.0.2.tgz
40 http 200 https://registry.npmjs.org/hexo-cli/-/hexo-cli-1.0.2.tgz
41 silly lockFile 195dd597--org-hexo-cli-hexo-cli-1-0-2-tgz https://registry.npmjs.org/hexo-cli/-/hexo-cli-1.0.2.tgz
42 silly lockFile 195dd597--org-hexo-cli-hexo-cli-1-0-2-tgz https://registry.npmjs.org/hexo-cli/-/hexo-cli-1.0.2.tgz
43 silly lockFile f3d0df3c-hexo-cli-1-0-2 hexo-cli@1.0.2
44 silly lockFile f3d0df3c-hexo-cli-1-0-2 hexo-cli@1.0.2
45 silly lockFile f0acc666-hexo-cli hexo-cli@
46 silly lockFile f0acc666-hexo-cli hexo-cli@
47 silly resolved [ { name: 'hexo-cli',
47 silly resolved     version: '1.0.2',
47 silly resolved     description: 'Command line interface for Hexo',
47 silly resolved     main: 'lib/hexo',
47 silly resolved     bin: { hexo: './bin/hexo' },
47 silly resolved     scripts:
47 silly resolved      { eslint: 'eslint .',
47 silly resolved        jscs: 'jscs .',
47 silly resolved        test: 'mocha test/index.js',
47 silly resolved        'test-cov': 'istanbul cover --print both _mocha -- test/index.js' },
47 silly resolved     directories: { lib: './lib', bin: './bin' },
47 silly resolved     repository:
47 silly resolved      { type: 'git',
47 silly resolved        url: 'git+https://github.com/hexojs/hexo-cli.git' },
47 silly resolved     homepage: 'https://hexo.io/',
47 silly resolved     keywords: [ 'website', 'blog', 'cms', 'framework', 'hexo', 'cli' ],
47 silly resolved     author:
47 silly resolved      { name: 'Tommy Chen',
47 silly resolved        email: 'tommy351@gmail.com',
47 silly resolved        url: 'http://zespia.tw' },
47 silly resolved     license: 'MIT',
47 silly resolved     dependencies:
47 silly resolved      { abbrev: '^1.0.7',
47 silly resolved        bluebird: '^3.4.0',
47 silly resolved        chalk: '^1.1.3',
47 silly resolved        'hexo-fs': '^0.1.5',
47 silly resolved        'hexo-log': '^0.1.2',
47 silly resolved        'hexo-util': '^0.6.0',
47 silly resolved        minimist: '^1.2.0',
47 silly resolved        'object-assign': '^4.1.0',
47 silly resolved        tildify: '^1.2.0' },
47 silly resolved     devDependencies:
47 silly resolved      { chai: '^3.5.0',
47 silly resolved        'chai-as-promised': '^5.3.0',
47 silly resolved        eslint: '^2.12.0',
47 silly resolved        'eslint-config-hexo': '^1.0.3',
47 silly resolved        'hexo-renderer-marked': '^0.2.10',
47 silly resolved        istanbul: '^0.4.3',
47 silly resolved        jscs: '^3.0.4',
47 silly resolved        'jscs-preset-hexo': '^1.0.1',
47 silly resolved        mocha: '^2.5.3',
47 silly resolved        proxyquire: '^1.7.9',
47 silly resolved        rewire: '^2.5.1',
47 silly resolved        sinon: '^1.17.4' },
47 silly resolved     gitHead: 'fb567e2d1e32929c4183ab4fcf1a5645fb646eb2',
47 silly resolved     bugs: { url: 'https://github.com/hexojs/hexo-cli/issues' },
47 silly resolved     _id: 'hexo-cli@1.0.2',
47 silly resolved     _shasum: '8ebcae88cac29254f1e9ac07f8a9f07399a8a1ae',
47 silly resolved     _from: 'hexo-cli@',
47 silly resolved     _npmVersion: '3.7.1',
47 silly resolved     _nodeVersion: '4.3.0',
47 silly resolved     _npmUser: { name: 'tommy351', email: 'tommy351@gmail.com' },
47 silly resolved     dist:
47 silly resolved      { shasum: '8ebcae88cac29254f1e9ac07f8a9f07399a8a1ae',
47 silly resolved        tarball: 'https://registry.npmjs.org/hexo-cli/-/hexo-cli-1.0.2.tgz' },
47 silly resolved     maintainers: [ [Object] ],
47 silly resolved     _npmOperationalInternal:
47 silly resolved      { host: 'packages-16-east.internal.npmjs.com',
47 silly resolved        tmp: 'tmp/hexo-cli-1.0.2.tgz_1465818839377_0.7479208533186466' },
47 silly resolved     _resolved: 'https://registry.npmjs.org/hexo-cli/-/hexo-cli-1.0.2.tgz' } ]
48 info install hexo-cli@1.0.2 into /usr/lib
49 info installOne hexo-cli@1.0.2
50 verbose lib/node_modules/hexo-cli unbuild
51 verbose tar unpack /home/luoluo/.npm/hexo-cli/1.0.2/package.tgz
52 silly lockFile 8873591e-ar-usr-lib-node-modules-hexo-cli tar:///usr/lib/node_modules/hexo-cli
53 verbose lock tar:///usr/lib/node_modules/hexo-cli /home/luoluo/.npm/8873591e-ar-usr-lib-node-modules-hexo-cli.lock
54 silly lockFile 59e236a5-o-npm-hexo-cli-1-0-2-package-tgz tar:///home/luoluo/.npm/hexo-cli/1.0.2/package.tgz
55 verbose lock tar:///home/luoluo/.npm/hexo-cli/1.0.2/package.tgz /home/luoluo/.npm/59e236a5-o-npm-hexo-cli-1-0-2-package-tgz.lock
56 silly gunzTarPerm modes [ '775', '664' ]
57 error Error: EACCES, mkdir '/usr/lib/node_modules/hexo-cli'
57 error  { [Error: EACCES, mkdir '/usr/lib/node_modules/hexo-cli']
57 error   errno: 3,
57 error   code: 'EACCES',
57 error   path: '/usr/lib/node_modules/hexo-cli',
57 error   fstream_type: 'Directory',
57 error   fstream_path: '/usr/lib/node_modules/hexo-cli',
57 error   fstream_class: 'DirWriter',
57 error   fstream_stack:
57 error    [ '/usr/lib/node_modules/npm/node_modules/fstream/lib/dir-writer.js:36:23',
57 error      '/usr/lib/node_modules/npm/node_modules/mkdirp/index.js:46:53',
57 error      'Object.oncomplete (fs.js:108:15)' ] }
58 error Please try running this command again as root/Administrator.
59 error System Linux 3.13.0-32-generic
60 error command "/usr/bin/node" "/usr/bin/npm" "install" "hexo-cli" "-g"
61 error cwd /home/luoluo/Desktop/blog
62 error node -v v0.10.37
63 error npm -v 1.4.28
64 error path /usr/lib/node_modules/hexo-cli
65 error fstream_path /usr/lib/node_modules/hexo-cli
66 error fstream_type Directory
67 error fstream_class DirWriter
68 error code EACCES
69 error errno 3
70 error stack Error: EACCES, mkdir '/usr/lib/node_modules/hexo-cli'
71 error fstream_stack /usr/lib/node_modules/npm/node_modules/fstream/lib/dir-writer.js:36:23
71 error fstream_stack /usr/lib/node_modules/npm/node_modules/mkdirp/index.js:46:53
71 error fstream_stack Object.oncomplete (fs.js:108:15)
72 verbose exit [ 3, true ]
